#Class name or Id of element is not important
.*related_library_content.*
.*tags-on-articles.*
comment
comments
Sociable
email-print
share
mingid-comment
timestamp
share_buttons
tinlienquan
tags
more_news
discussion_tools
comment_box
box_comment
dzone-social-buttons
authorMetaData
print-link
js-frame-loading-spinner
phanhoiitem
VCObjectBoxRelatedNewsContentWrapper
SexyAlertBoxComment-Box
facebook_comment
socialfb
likefb
box_other_news
fb-comments
fb_iframe_widget
facebook
fbFeedbackContent
trend_link
fb-recommendations
storycomment
ctl00_leftContent_ND_CM1_pnComment
